<?xml version="1.0" encoding="UTF-8"?>
<testsuite name="functionsTest" tests="4" skipped="0" failures="0" errors="0" timestamp="2022-10-10T06:42:48" hostname="DESKTOP-CEBHPLB" time="0.029">
  <properties/>
  <testcase name="Test1()" classname="functionsTest" time="0.02"/>
  <testcase name="Test2()" classname="functionsTest" time="0.001"/>
  <testcase name="Test3()" classname="functionsTest" time="0.002"/>
  <testcase name="Test4()" classname="functionsTest" time="0.001"/>
  <system-out><![CDATA[]]></system-out>
  <system-err><![CDATA[]]></system-err>
</testsuite>
